<?xml version="1.0" encoding="UTF-8"?>
<!-- Generated by org.testng.reporters.JUnitReportReporter -->
<testsuite skipped="0" hostname="INKA-BGL-L003" name="org.settingstestclass.StatusTest" tests="1" failures="0" timestamp="22 Sep 2023 12:59:14 GMT" time="40.337" errors="0">
  <testcase name="editStatus" time="40.337" classname="org.settingstestclass.StatusTest"/>
</testsuite> <!-- org.settingstestclass.StatusTest -->
