<?xml version="1.0" encoding="UTF-8"?>
<!-- Generated by org.testng.reporters.JUnitReportReporter -->
<testsuite skipped="0" hostname="INKA-BGL-L003" name="org.settingstestclass.JobStatusTest" tests="1" failures="0" timestamp="25 Sep 2023 14:42:09 GMT" time="38.656" errors="0">
  <testcase name="deactivatestatus" time="38.656" classname="org.settingstestclass.JobStatusTest"/>
</testsuite> <!-- org.settingstestclass.JobStatusTest -->
