<?xml version="1.0" encoding="UTF-8"?>
<!-- Generated by org.testng.reporters.JUnitReportReporter -->
<testsuite skipped="0" hostname="INKA-BGL-L003" name="org.settingstestclass.DepartmentTest" tests="1" failures="0" timestamp="27 Sep 2023 13:57:30 GMT" time="33.851" errors="0">
  <testcase name="deactivate" time="33.851" classname="org.settingstestclass.DepartmentTest"/>
</testsuite> <!-- org.settingstestclass.DepartmentTest -->
