<?xml version="1.0" encoding="UTF-8"?>
<!-- Generated by org.testng.reporters.JUnitReportReporter -->
<testsuite skipped="0" hostname="INKA-BGL-L003" name="org.settingstestclass.ExperienceTest" tests="1" failures="0" timestamp="04 Oct 2023 17:28:25 GMT" time="35.095" errors="0">
  <testcase name="experienceedit" time="35.095" classname="org.settingstestclass.ExperienceTest"/>
</testsuite> <!-- org.settingstestclass.ExperienceTest -->
