<?xml version="1.0" encoding="UTF-8"?>
<!-- Generated by org.testng.reporters.JUnitReportReporter -->
<testsuite skipped="0" hostname="INKA-BGL-L003" name="Demo.Demo" tests="1" failures="0" timestamp="13 Sep 2023 12:00:48 GMT" time="0.008" errors="0">
  <testcase name="test" time="0.008" classname="Demo.Demo"/>
</testsuite> <!-- Demo.Demo -->
