<?xml version="1.0" encoding="UTF-8"?>
<!-- Generated by org.testng.reporters.JUnitReportReporter -->
<testsuite skipped="0" hostname="INKA-BGL-L003" name="org.settingstestclass.JobtypeTest" tests="1" failures="0" timestamp="27 Sep 2023 15:30:11 GMT" time="35.726" errors="0">
  <testcase name="jobtype" time="35.726" classname="org.settingstestclass.JobtypeTest"/>
</testsuite> <!-- org.settingstestclass.JobtypeTest -->
