<?xml version="1.0" encoding="UTF-8"?>
<!-- Generated by org.testng.reporters.JUnitReportReporter -->
<testsuite skipped="0" hostname="INKA-BGL-L003" name="org.settingstestclass.RecruiterHRTest" tests="4" failures="0" timestamp="20 Sep 2023 10:14:06 GMT" time="191.879" errors="0">
  <testcase name="RecruiterPanel" time="67.318" classname="org.settingstestclass.RecruiterHRTest"/>
  <testcase name="searchbarandresetpassword" time="38.247" classname="org.settingstestclass.RecruiterHRTest"/>
  <testcase name="edit" time="46.675" classname="org.settingstestclass.RecruiterHRTest"/>
  <testcase name="delete" time="39.639" classname="org.settingstestclass.RecruiterHRTest"/>
</testsuite> <!-- org.settingstestclass.RecruiterHRTest -->
